# JRE version: OpenJDK Runtime Environment Temurin-21.0.8+9 (21.0.8+9) (build 21.0.8+9-LTS)
# Java VM: OpenJDK 64-Bit Server VM Temurin-21.0.8+9 (21.0.8+9-LTS, mixed mode, sharing, tiered, compressed oops, compressed class ptrs, parallel gc, windows-amd64)
GC Precious Log:
 CardTable entry size: 512
 CPUs: 4 total, 4 available
 Memory: 3531M
 Large Page Support: Disabled
 NUMA Support: Disabled
 Compressed Oops: Enabled (32-bit)
 Alignments: Space 512K, Generation 512K, Heap 2M
 Heap Min Capacity: 100M
 Heap Initial Capacity: 100M
 Heap Max Capacity: 2G
 Pre-touch: Disabled
 Parallel Workers: 4
Heap:
 PSYoungGen      total 17408K, used 4174K [0x00000000d5580000, 0x00000000d6c00000, 0x0000000100000000)
  eden space 16896K, 24% used [0x00000000d5580000,0x00000000d597bb58,0x00000000d6600000)
  from space 512K, 18% used [0x00000000d6600000,0x00000000d6618000,0x00000000d6680000)
  to   space 2048K, 0% used [0x00000000d6a00000,0x00000000d6a00000,0x00000000d6c00000)
 ParOldGen       total 796160K, used 252754K [0x0000000080000000, 0x00000000b0980000, 0x00000000d5580000)
  object space 796160K, 31% used [0x0000000080000000,0x000000008f6d4be0,0x00000000b0980000)
 Metaspace       used 89449K, committed 91072K, reserved 1179648K
  class space    used 9106K, committed 9920K, reserved 1048576K
GC Heap History (20 events):
Event: 4774.722 GC heap before
{Heap before GC invocations=1405 (full 5):
 PSYoungGen      total 19456K, used 19088K [0x00000000d5580000, 0x00000000d6a00000, 0x0000000100000000)
  eden space 18944K, 100% used [0x00000000d5580000,0x00000000d6800000,0x00000000d6800000)
  from space 512K, 28% used [0x00000000d6900000,0x00000000d6924010,0x00000000d6980000)
  to   space 512K, 0% used [0x00000000d6980000,0x00000000d6980000,0x00000000d6a00000)
 ParOldGen       total 796160K, used 244669K [0x0000000080000000, 0x00000000b0980000, 0x00000000d5580000)
  object space 796160K, 30% used [0x0000000080000000,0x000000008eeef630,0x00000000b0980000)
 Metaspace       used 89273K, committed 90944K, reserved 1179648K
  class space    used 9085K, committed 9920K, reserved 1048576K
}
Event: 4774.726 GC heap after
{Heap after GC invocations=1405 (full 5):
 PSYoungGen      total 19456K, used 512K [0x00000000d5580000, 0x00000000d6a00000, 0x0000000100000000)
  eden space 18944K, 0% used [0x00000000d5580000,0x00000000d5580000,0x00000000d6800000)
  from space 512K, 100% used [0x00000000d6980000,0x00000000d6a00000,0x00000000d6a00000)
  to   space 1024K, 0% used [0x00000000d6800000,0x00000000d6800000,0x00000000d6900000)
 ParOldGen       total 796160K, used 244933K [0x0000000080000000, 0x00000000b0980000, 0x00000000d5580000)
  object space 796160K, 30% used [0x0000000080000000,0x000000008ef31640,0x00000000b0980000)
 Metaspace       used 89273K, committed 90944K, reserved 1179648K
  class space    used 9085K, committed 9920K, reserved 1048576K
}
Event: 4775.989 GC heap before
{Heap before GC invocations=1406 (full 5):
 PSYoungGen      total 19456K, used 19456K [0x00000000d5580000, 0x00000000d6a00000, 0x0000000100000000)
  eden space 18944K, 100% used [0x00000000d5580000,0x00000000d6800000,0x00000000d6800000)
  from space 512K, 100% used [0x00000000d6980000,0x00000000d6a00000,0x00000000d6a00000)
  to   space 1024K, 0% used [0x00000000d6800000,0x00000000d6800000,0x00000000d6900000)
 ParOldGen       total 796160K, used 244933K [0x0000000080000000, 0x00000000b0980000, 0x00000000d5580000)
  object space 796160K, 30% used [0x0000000080000000,0x000000008ef31640,0x00000000b0980000)
 Metaspace       used 89276K, committed 90944K, reserved 1179648K
  class space    used 9085K, committed 9920K, reserved 1048576K
}
Event: 4775.994 GC heap after
{Heap after GC invocations=1406 (full 5):
 PSYoungGen      total 19968K, used 256K [0x00000000d5580000, 0x00000000d6a00000, 0x0000000100000000)
  eden space 18944K, 0% used [0x00000000d5580000,0x00000000d5580000,0x00000000d6800000)
  from space 1024K, 25% used [0x00000000d6800000,0x00000000d6840000,0x00000000d6900000)
  to   space 512K, 0% used [0x00000000d6980000,0x00000000d6980000,0x00000000d6a00000)
 ParOldGen       total 796160K, used 245398K [0x0000000080000000, 0x00000000b0980000, 0x00000000d5580000)
  object space 796160K, 30% used [0x0000000080000000,0x000000008efa5ad0,0x00000000b0980000)
 Metaspace       used 89276K, committed 90944K, reserved 1179648K
  class space    used 9085K, committed 9920K, reserved 1048576K
}
Event: 4778.433 GC heap before
{Heap before GC invocations=1407 (full 5):
 PSYoungGen      total 19968K, used 19200K [0x00000000d5580000, 0x00000000d6a00000, 0x0000000100000000)
  eden space 18944K, 100% used [0x00000000d5580000,0x00000000d6800000,0x00000000d6800000)
  from space 1024K, 25% used [0x00000000d6800000,0x00000000d6840000,0x00000000d6900000)
  to   space 512K, 0% used [0x00000000d6980000,0x00000000d6980000,0x00000000d6a00000)
 ParOldGen       total 796160K, used 245398K [0x0000000080000000, 0x00000000b0980000, 0x00000000d5580000)
  object space 796160K, 30% used [0x0000000080000000,0x000000008efa5ad0,0x00000000b0980000)
 Metaspace       used 89284K, committed 90944K, reserved 1179648K
  class space    used 9085K, committed 9920K, reserved 1048576K
}
Event: 4778.437 GC heap after
{Heap after GC invocations=1407 (full 5):
 PSYoungGen      total 19456K, used 512K [0x00000000d5580000, 0x00000000d6a00000, 0x0000000100000000)
  eden space 18944K, 0% used [0x00000000d5580000,0x00000000d5580000,0x00000000d6800000)
  from space 512K, 100% used [0x00000000d6980000,0x00000000d6a00000,0x00000000d6a00000)
  to   space 1024K, 0% used [0x00000000d6800000,0x00000000d6800000,0x00000000d6900000)
 ParOldGen       total 796160K, used 245630K [0x0000000080000000, 0x00000000b0980000, 0x00000000d5580000)
  object space 796160K, 30% used [0x0000000080000000,0x000000008efdfad0,0x00000000b0980000)
 Metaspace       used 89284K, committed 90944K, reserved 1179648K
  class space    used 9085K, committed 9920K, reserved 1048576K
}
Event: 4796.676 GC heap before
{Heap before GC invocations=1408 (full 5):
 PSYoungGen      total 19456K, used 19456K [0x00000000d5580000, 0x00000000d6a00000, 0x0000000100000000)
  eden space 18944K, 100% used [0x00000000d5580000,0x00000000d6800000,0x00000000d6800000)
  from space 512K, 100% used [0x00000000d6980000,0x00000000d6a00000,0x00000000d6a00000)
  to   space 1024K, 0% used [0x00000000d6800000,0x00000000d6800000,0x00000000d6900000)
 ParOldGen       total 796160K, used 245630K [0x0000000080000000, 0x00000000b0980000, 0x00000000d5580000)
  object space 796160K, 30% used [0x0000000080000000,0x000000008efdfad0,0x00000000b0980000)
 Metaspace       used 89370K, committed 91008K, reserved 1179648K
  class space    used 9096K, committed 9920K, reserved 1048576K
}
Event: 4796.686 GC heap after
{Heap after GC invocations=1408 (full 5):
 PSYoungGen      total 19968K, used 960K [0x00000000d5580000, 0x00000000d6a00000, 0x0000000100000000)
  eden space 18944K, 0% used [0x00000000d5580000,0x00000000d5580000,0x00000000d6800000)
  from space 1024K, 93% used [0x00000000d6800000,0x00000000d68f0000,0x00000000d6900000)
  to   space 1024K, 0% used [0x00000000d6900000,0x00000000d6900000,0x00000000d6a00000)
 ParOldGen       total 796160K, used 246123K [0x0000000080000000, 0x00000000b0980000, 0x00000000d5580000)
  object space 796160K, 30% used [0x0000000080000000,0x000000008f05af60,0x00000000b0980000)
 Metaspace       used 89370K, committed 91008K, reserved 1179648K
  class space    used 9096K, committed 9920K, reserved 1048576K
}
Event: 4813.435 GC heap before
{Heap before GC invocations=1409 (full 5):
 PSYoungGen      total 19968K, used 19904K [0x00000000d5580000, 0x00000000d6a00000, 0x0000000100000000)
  eden space 18944K, 100% used [0x00000000d5580000,0x00000000d6800000,0x00000000d6800000)
  from space 1024K, 93% used [0x00000000d6800000,0x00000000d68f0000,0x00000000d6900000)
  to   space 1024K, 0% used [0x00000000d6900000,0x00000000d6900000,0x00000000d6a00000)
 ParOldGen       total 796160K, used 246123K [0x0000000080000000, 0x00000000b0980000, 0x00000000d5580000)
  object space 796160K, 30% used [0x0000000080000000,0x000000008f05af60,0x00000000b0980000)
 Metaspace       used 89372K, committed 91008K, reserved 1179648K
  class space    used 9096K, committed 9920K, reserved 1048576K
}
Event: 4813.443 GC heap after
{Heap after GC invocations=1409 (full 5):
 PSYoungGen      total 19456K, used 160K [0x00000000d5580000, 0x00000000d6980000, 0x0000000100000000)
  eden space 18944K, 0% used [0x00000000d5580000,0x00000000d5580000,0x00000000d6800000)
  from space 512K, 31% used [0x00000000d6900000,0x00000000d6928000,0x00000000d6980000)
  to   space 512K, 0% used [0x00000000d6880000,0x00000000d6880000,0x00000000d6900000)
 ParOldGen       total 796160K, used 246147K [0x0000000080000000, 0x00000000b0980000, 0x00000000d5580000)
  object space 796160K, 30% used [0x0000000080000000,0x000000008f060f60,0x00000000b0980000)
 Metaspace       used 89372K, committed 91008K, reserved 1179648K
  class space    used 9096K, committed 9920K, reserved 1048576K
}
Event: 4814.318 GC heap before
{Heap before GC invocations=1410 (full 5):
 PSYoungGen      total 19456K, used 19104K [0x00000000d5580000, 0x00000000d6980000, 0x0000000100000000)
  eden space 18944K, 100% used [0x00000000d5580000,0x00000000d6800000,0x00000000d6800000)
  from space 512K, 31% used [0x00000000d6900000,0x00000000d6928000,0x00000000d6980000)
  to   space 512K, 0% used [0x00000000d6880000,0x00000000d6880000,0x00000000d6900000)
 ParOldGen       total 796160K, used 246147K [0x0000000080000000, 0x00000000b0980000, 0x00000000d5580000)
  object space 796160K, 30% used [0x0000000080000000,0x000000008f060f60,0x00000000b0980000)
 Metaspace       used 89372K, committed 91008K, reserved 1179648K
  class space    used 9096K, committed 9920K, reserved 1048576K
}
Event: 4814.322 GC heap after
{Heap after GC invocations=1410 (full 5):
 PSYoungGen      total 19456K, used 384K [0x00000000d5580000, 0x00000000d6980000, 0x0000000100000000)
  eden space 18944K, 0% used [0x00000000d5580000,0x00000000d5580000,0x00000000d6800000)
  from space 512K, 75% used [0x00000000d6880000,0x00000000d68e0000,0x00000000d6900000)
  to   space 512K, 0% used [0x00000000d6900000,0x00000000d6900000,0x00000000d6980000)
 ParOldGen       total 796160K, used 246171K [0x0000000080000000, 0x00000000b0980000, 0x00000000d5580000)
  object space 796160K, 30% used [0x0000000080000000,0x000000008f066f60,0x00000000b0980000)
 Metaspace       used 89372K, committed 91008K, reserved 1179648K
  class space    used 9096K, committed 9920K, reserved 1048576K
}
Event: 4815.030 GC heap before
{Heap before GC invocations=1411 (full 5):
 PSYoungGen      total 19456K, used 19328K [0x00000000d5580000, 0x00000000d6980000, 0x0000000100000000)
  eden space 18944K, 100% used [0x00000000d5580000,0x00000000d6800000,0x00000000d6800000)
  from space 512K, 75% used [0x00000000d6880000,0x00000000d68e0000,0x00000000d6900000)
  to   space 512K, 0% used [0x00000000d6900000,0x00000000d6900000,0x00000000d6980000)
 ParOldGen       total 796160K, used 246171K [0x0000000080000000, 0x00000000b0980000, 0x00000000d5580000)
  object space 796160K, 30% used [0x0000000080000000,0x000000008f066f60,0x00000000b0980000)
 Metaspace       used 89372K, committed 91008K, reserved 1179648K
  class space    used 9096K, committed 9920K, reserved 1048576K
}
Event: 4815.033 GC heap after
{Heap after GC invocations=1411 (full 5):
 PSYoungGen      total 19456K, used 512K [0x00000000d5580000, 0x00000000d6a00000, 0x0000000100000000)
  eden space 18944K, 0% used [0x00000000d5580000,0x00000000d5580000,0x00000000d6800000)
  from space 512K, 100% used [0x00000000d6900000,0x00000000d6980000,0x00000000d6980000)
  to   space 1024K, 0% used [0x00000000d6800000,0x00000000d6800000,0x00000000d6900000)
 ParOldGen       total 796160K, used 246530K [0x0000000080000000, 0x00000000b0980000, 0x00000000d5580000)
  object space 796160K, 30% used [0x0000000080000000,0x000000008f0c09a0,0x00000000b0980000)
 Metaspace       used 89372K, committed 91008K, reserved 1179648K
  class space    used 9096K, committed 9920K, reserved 1048576K
}
Event: 4818.499 GC heap before
{Heap before GC invocations=1412 (full 5):
 PSYoungGen      total 19456K, used 19456K [0x00000000d5580000, 0x00000000d6a00000, 0x0000000100000000)
  eden space 18944K, 100% used [0x00000000d5580000,0x00000000d6800000,0x00000000d6800000)
  from space 512K, 100% used [0x00000000d6900000,0x00000000d6980000,0x00000000d6980000)
  to   space 1024K, 0% used [0x00000000d6800000,0x00000000d6800000,0x00000000d6900000)
 ParOldGen       total 796160K, used 246530K [0x0000000080000000, 0x00000000b0980000, 0x00000000d5580000)
  object space 796160K, 30% used [0x0000000080000000,0x000000008f0c09a0,0x00000000b0980000)
 Metaspace       used 89401K, committed 91072K, reserved 1179648K
  class space    used 9106K, committed 9920K, reserved 1048576K
}
Event: 4818.511 GC heap after
{Heap after GC invocations=1412 (full 5):
 PSYoungGen      total 19968K, used 1011K [0x00000000d5580000, 0x00000000d6f00000, 0x0000000100000000)
  eden space 18944K, 0% used [0x00000000d5580000,0x00000000d5580000,0x00000000d6800000)
  from space 1024K, 98% used [0x00000000d6800000,0x00000000d68fce10,0x00000000d6900000)
  to   space 3584K, 0% used [0x00000000d6b80000,0x00000000d6b80000,0x00000000d6f00000)
 ParOldGen       total 796160K, used 248580K [0x0000000080000000, 0x00000000b0980000, 0x00000000d5580000)
  object space 796160K, 31% used [0x0000000080000000,0x000000008f2c11f0,0x00000000b0980000)
 Metaspace       used 89401K, committed 91072K, reserved 1179648K
  class space    used 9106K, committed 9920K, reserved 1048576K
}
Event: 4819.323 GC heap before
{Heap before GC invocations=1413 (full 5):
 PSYoungGen      total 19968K, used 19955K [0x00000000d5580000, 0x00000000d6f00000, 0x0000000100000000)
  eden space 18944K, 99% used [0x00000000d5580000,0x00000000d67ffff8,0x00000000d6800000)
  from space 1024K, 98% used [0x00000000d6800000,0x00000000d68fce10,0x00000000d6900000)
  to   space 3584K, 0% used [0x00000000d6b80000,0x00000000d6b80000,0x00000000d6f00000)
 ParOldGen       total 796160K, used 248580K [0x0000000080000000, 0x00000000b0980000, 0x00000000d5580000)
  object space 796160K, 31% used [0x0000000080000000,0x000000008f2c11f0,0x00000000b0980000)
 Metaspace       used 89418K, committed 91072K, reserved 1179648K
  class space    used 9106K, committed 9920K, reserved 1048576K
}
Event: 4819.337 GC heap after
{Heap after GC invocations=1413 (full 5):
 PSYoungGen      total 20480K, used 3558K [0x00000000d5580000, 0x00000000d7300000, 0x0000000100000000)
  eden space 16896K, 0% used [0x00000000d5580000,0x00000000d5580000,0x00000000d6600000)
  from space 3584K, 99% used [0x00000000d6b80000,0x00000000d6ef9a00,0x00000000d6f00000)
  to   space 5632K, 0% used [0x00000000d6600000,0x00000000d6600000,0x00000000d6b80000)
 ParOldGen       total 796160K, used 249892K [0x0000000080000000, 0x00000000b0980000, 0x00000000d5580000)
  object space 796160K, 31% used [0x0000000080000000,0x000000008f409200,0x00000000b0980000)
 Metaspace       used 89418K, committed 91072K, reserved 1179648K
  class space    used 9106K, committed 9920K, reserved 1048576K
}
Event: 16597.666 GC heap before
{Heap before GC invocations=1414 (full 5):
 PSYoungGen      total 20480K, used 20454K [0x00000000d5580000, 0x00000000d7300000, 0x0000000100000000)
  eden space 16896K, 100% used [0x00000000d5580000,0x00000000d6600000,0x00000000d6600000)
  from space 3584K, 99% used [0x00000000d6b80000,0x00000000d6ef9a00,0x00000000d6f00000)
  to   space 5632K, 0% used [0x00000000d6600000,0x00000000d6600000,0x00000000d6b80000)
 ParOldGen       total 796160K, used 249892K [0x0000000080000000, 0x00000000b0980000, 0x00000000d5580000)
  object space 796160K, 31% used [0x0000000080000000,0x000000008f409200,0x00000000b0980000)
 Metaspace       used 89440K, committed 91072K, reserved 1179648K
  class space    used 9106K, committed 9920K, reserved 1048576K
}
Event: 16597.813 GC heap after
{Heap after GC invocations=1414 (full 5):
 PSYoungGen      total 17408K, used 96K [0x00000000d5580000, 0x00000000d6c00000, 0x0000000100000000)
  eden space 16896K, 0% used [0x00000000d5580000,0x00000000d5580000,0x00000000d6600000)
  from space 512K, 18% used [0x00000000d6600000,0x00000000d6618000,0x00000000d6680000)
  to   space 2048K, 0% used [0x00000000d6a00000,0x00000000d6a00000,0x00000000d6c00000)
 ParOldGen       total 796160K, used 252754K [0x0000000080000000, 0x00000000b0980000, 0x00000000d5580000)
  object space 796160K, 31% used [0x0000000080000000,0x000000008f6d4be0,0x00000000b0980000)
 Metaspace       used 89440K, committed 91072K, reserved 1179648K
  class space    used 9106K, committed 9920K, reserved 1048576K
}

