# JRE version: OpenJDK Runtime Environment Temurin-21.0.8+9 (21.0.8+9) (build 21.0.8+9-LTS)
# Java VM: OpenJDK 64-Bit Server VM Temurin-21.0.8+9 (21.0.8+9-LTS, mixed mode, sharing, tiered, compressed oops, compressed class ptrs, parallel gc, windows-amd64)
GC Precious Log:
 CardTable entry size: 512
 CPUs: 4 total, 4 available
 Memory: 3531M
 Large Page Support: Disabled
 NUMA Support: Disabled
 Compressed Oops: Enabled (32-bit)
 Alignments: Space 512K, Generation 512K, Heap 2M
 Heap Min Capacity: 100M
 Heap Initial Capacity: 100M
 Heap Max Capacity: 2G
 Pre-touch: Disabled
 Parallel Workers: 4
Heap:
 PSYoungGen      total 1536K, used 683K [0x00000000d5580000, 0x00000000d5880000, 0x0000000100000000)
  eden space 1024K, 54% used [0x00000000d5580000,0x00000000d560ac70,0x00000000d5680000)
  from space 512K, 25% used [0x00000000d5800000,0x00000000d5820000,0x00000000d5880000)
  to   space 512K, 0% used [0x00000000d5780000,0x00000000d5780000,0x00000000d5800000)
 ParOldGen       total 443904K, used 443814K [0x0000000080000000, 0x000000009b180000, 0x00000000d5580000)
  object space 443904K, 99% used [0x0000000080000000,0x000000009b169b88,0x000000009b180000)
 Metaspace       used 69035K, committed 70336K, reserved 1114112K
  class space    used 7327K, committed 7872K, reserved 1048576K
GC Heap History (20 events):
Event: 72.719 GC heap before
{Heap before GC invocations=468 (full 3):
 PSYoungGen      total 1536K, used 1120K [0x00000000d5580000, 0x00000000d5880000, 0x0000000100000000)
  eden space 1024K, 100% used [0x00000000d5580000,0x00000000d5680000,0x00000000d5680000)
  from space 512K, 18% used [0x00000000d5800000,0x00000000d5818000,0x00000000d5880000)
  to   space 512K, 0% used [0x00000000d5780000,0x00000000d5780000,0x00000000d5800000)
 ParOldGen       total 441856K, used 441684K [0x0000000080000000, 0x000000009af80000, 0x00000000d5580000)
  object space 441856K, 99% used [0x0000000080000000,0x000000009af553c8,0x000000009af80000)
 Metaspace       used 68498K, committed 69888K, reserved 1114112K
  class space    used 7274K, committed 7872K, reserved 1048576K
}
Event: 72.724 GC heap after
{Heap after GC invocations=468 (full 3):
 PSYoungGen      total 1536K, used 192K [0x00000000d5580000, 0x00000000d5880000, 0x0000000100000000)
  eden space 1024K, 0% used [0x00000000d5580000,0x00000000d5580000,0x00000000d5680000)
  from space 512K, 37% used [0x00000000d5780000,0x00000000d57b0000,0x00000000d5800000)
  to   space 512K, 0% used [0x00000000d5800000,0x00000000d5800000,0x00000000d5880000)
 ParOldGen       total 441856K, used 441740K [0x0000000080000000, 0x000000009af80000, 0x00000000d5580000)
  object space 441856K, 99% used [0x0000000080000000,0x000000009af633c8,0x000000009af80000)
 Metaspace       used 68498K, committed 69888K, reserved 1114112K
  class space    used 7274K, committed 7872K, reserved 1048576K
}
Event: 72.870 GC heap before
{Heap before GC invocations=469 (full 3):
 PSYoungGen      total 1536K, used 1215K [0x00000000d5580000, 0x00000000d5880000, 0x0000000100000000)
  eden space 1024K, 99% used [0x00000000d5580000,0x00000000d567ffd0,0x00000000d5680000)
  from space 512K, 37% used [0x00000000d5780000,0x00000000d57b0000,0x00000000d5800000)
  to   space 512K, 0% used [0x00000000d5800000,0x00000000d5800000,0x00000000d5880000)
 ParOldGen       total 441856K, used 441740K [0x0000000080000000, 0x000000009af80000, 0x00000000d5580000)
  object space 441856K, 99% used [0x0000000080000000,0x000000009af633c8,0x000000009af80000)
 Metaspace       used 68541K, committed 69888K, reserved 1114112K
  class space    used 7283K, committed 7872K, reserved 1048576K
}
Event: 72.873 GC heap after
{Heap after GC invocations=469 (full 3):
 PSYoungGen      total 1536K, used 210K [0x00000000d5580000, 0x00000000d5880000, 0x0000000100000000)
  eden space 1024K, 0% used [0x00000000d5580000,0x00000000d5580000,0x00000000d5680000)
  from space 512K, 41% used [0x00000000d5800000,0x00000000d58348e0,0x00000000d5880000)
  to   space 512K, 0% used [0x00000000d5780000,0x00000000d5780000,0x00000000d5800000)
 ParOldGen       total 441856K, used 441828K [0x0000000080000000, 0x000000009af80000, 0x00000000d5580000)
  object space 441856K, 99% used [0x0000000080000000,0x000000009af793c8,0x000000009af80000)
 Metaspace       used 68541K, committed 69888K, reserved 1114112K
  class space    used 7283K, committed 7872K, reserved 1048576K
}
Event: 72.921 GC heap before
{Heap before GC invocations=470 (full 3):
 PSYoungGen      total 1536K, used 1234K [0x00000000d5580000, 0x00000000d5880000, 0x0000000100000000)
  eden space 1024K, 100% used [0x00000000d5580000,0x00000000d5680000,0x00000000d5680000)
  from space 512K, 41% used [0x00000000d5800000,0x00000000d58348e0,0x00000000d5880000)
  to   space 512K, 0% used [0x00000000d5780000,0x00000000d5780000,0x00000000d5800000)
 ParOldGen       total 441856K, used 441828K [0x0000000080000000, 0x000000009af80000, 0x00000000d5580000)
  object space 441856K, 99% used [0x0000000080000000,0x000000009af793c8,0x000000009af80000)
 Metaspace       used 68558K, committed 69888K, reserved 1114112K
  class space    used 7284K, committed 7872K, reserved 1048576K
}
Event: 72.924 GC heap after
{Heap after GC invocations=470 (full 3):
 PSYoungGen      total 1536K, used 500K [0x00000000d5580000, 0x00000000d5880000, 0x0000000100000000)
  eden space 1024K, 0% used [0x00000000d5580000,0x00000000d5580000,0x00000000d5680000)
  from space 512K, 97% used [0x00000000d5780000,0x00000000d57fd368,0x00000000d5800000)
  to   space 512K, 0% used [0x00000000d5800000,0x00000000d5800000,0x00000000d5880000)
 ParOldGen       total 442368K, used 442194K [0x0000000080000000, 0x000000009b000000, 0x00000000d5580000)
  object space 442368K, 99% used [0x0000000080000000,0x000000009afd49c8,0x000000009b000000)
 Metaspace       used 68558K, committed 69888K, reserved 1114112K
  class space    used 7284K, committed 7872K, reserved 1048576K
}
Event: 72.973 GC heap before
{Heap before GC invocations=471 (full 3):
 PSYoungGen      total 1536K, used 1524K [0x00000000d5580000, 0x00000000d5880000, 0x0000000100000000)
  eden space 1024K, 100% used [0x00000000d5580000,0x00000000d5680000,0x00000000d5680000)
  from space 512K, 97% used [0x00000000d5780000,0x00000000d57fd368,0x00000000d5800000)
  to   space 512K, 0% used [0x00000000d5800000,0x00000000d5800000,0x00000000d5880000)
 ParOldGen       total 442368K, used 442194K [0x0000000080000000, 0x000000009b000000, 0x00000000d5580000)
  object space 442368K, 99% used [0x0000000080000000,0x000000009afd49c8,0x000000009b000000)
 Metaspace       used 68558K, committed 69888K, reserved 1114112K
  class space    used 7284K, committed 7872K, reserved 1048576K
}
Event: 72.982 GC heap after
{Heap after GC invocations=471 (full 3):
 PSYoungGen      total 1536K, used 192K [0x00000000d5580000, 0x00000000d5880000, 0x0000000100000000)
  eden space 1024K, 0% used [0x00000000d5580000,0x00000000d5580000,0x00000000d5680000)
  from space 512K, 37% used [0x00000000d5800000,0x00000000d5830000,0x00000000d5880000)
  to   space 512K, 0% used [0x00000000d5780000,0x00000000d5780000,0x00000000d5800000)
 ParOldGen       total 442880K, used 442705K [0x0000000080000000, 0x000000009b080000, 0x00000000d5580000)
  object space 442880K, 99% used [0x0000000080000000,0x000000009b0544d8,0x000000009b080000)
 Metaspace       used 68558K, committed 69888K, reserved 1114112K
  class space    used 7284K, committed 7872K, reserved 1048576K
}
Event: 73.020 GC heap before
{Heap before GC invocations=472 (full 3):
 PSYoungGen      total 1536K, used 1126K [0x00000000d5580000, 0x00000000d5880000, 0x0000000100000000)
  eden space 1024K, 91% used [0x00000000d5580000,0x00000000d5669a58,0x00000000d5680000)
  from space 512K, 37% used [0x00000000d5800000,0x00000000d5830000,0x00000000d5880000)
  to   space 512K, 0% used [0x00000000d5780000,0x00000000d5780000,0x00000000d5800000)
 ParOldGen       total 442880K, used 442705K [0x0000000080000000, 0x000000009b080000, 0x00000000d5580000)
  object space 442880K, 99% used [0x0000000080000000,0x000000009b0544d8,0x000000009b080000)
 Metaspace       used 68563K, committed 69888K, reserved 1114112K
  class space    used 7284K, committed 7872K, reserved 1048576K
}
Event: 73.023 GC heap after
{Heap after GC invocations=472 (full 3):
 PSYoungGen      total 1536K, used 231K [0x00000000d5580000, 0x00000000d5880000, 0x0000000100000000)
  eden space 1024K, 0% used [0x00000000d5580000,0x00000000d5580000,0x00000000d5680000)
  from space 512K, 45% used [0x00000000d5780000,0x00000000d57b9f00,0x00000000d5800000)
  to   space 512K, 0% used [0x00000000d5800000,0x00000000d5800000,0x00000000d5880000)
 ParOldGen       total 442880K, used 442841K [0x0000000080000000, 0x000000009b080000, 0x00000000d5580000)
  object space 442880K, 99% used [0x0000000080000000,0x000000009b0764d8,0x000000009b080000)
 Metaspace       used 68563K, committed 69888K, reserved 1114112K
  class space    used 7284K, committed 7872K, reserved 1048576K
}
Event: 73.069 GC heap before
{Heap before GC invocations=473 (full 3):
 PSYoungGen      total 1536K, used 1255K [0x00000000d5580000, 0x00000000d5880000, 0x0000000100000000)
  eden space 1024K, 100% used [0x00000000d5580000,0x00000000d5680000,0x00000000d5680000)
  from space 512K, 45% used [0x00000000d5780000,0x00000000d57b9f00,0x00000000d5800000)
  to   space 512K, 0% used [0x00000000d5800000,0x00000000d5800000,0x00000000d5880000)
 ParOldGen       total 442880K, used 442841K [0x0000000080000000, 0x000000009b080000, 0x00000000d5580000)
  object space 442880K, 99% used [0x0000000080000000,0x000000009b0764d8,0x000000009b080000)
 Metaspace       used 68577K, committed 69952K, reserved 1114112K
  class space    used 7284K, committed 7872K, reserved 1048576K
}
Event: 73.071 GC heap after
{Heap after GC invocations=473 (full 3):
 PSYoungGen      total 1536K, used 507K [0x00000000d5580000, 0x00000000d5880000, 0x0000000100000000)
  eden space 1024K, 0% used [0x00000000d5580000,0x00000000d5580000,0x00000000d5680000)
  from space 512K, 99% used [0x00000000d5800000,0x00000000d587ede0,0x00000000d5880000)
  to   space 1024K, 0% used [0x00000000d5680000,0x00000000d5680000,0x00000000d5780000)
 ParOldGen       total 443392K, used 443104K [0x0000000080000000, 0x000000009b100000, 0x00000000d5580000)
  object space 443392K, 99% used [0x0000000080000000,0x000000009b0b83d8,0x000000009b100000)
 Metaspace       used 68577K, committed 69952K, reserved 1114112K
  class space    used 7284K, committed 7872K, reserved 1048576K
}
Event: 73.116 GC heap before
{Heap before GC invocations=474 (full 3):
 PSYoungGen      total 1536K, used 1531K [0x00000000d5580000, 0x00000000d5880000, 0x0000000100000000)
  eden space 1024K, 99% used [0x00000000d5580000,0x00000000d567ffc8,0x00000000d5680000)
  from space 512K, 99% used [0x00000000d5800000,0x00000000d587ede0,0x00000000d5880000)
  to   space 1024K, 0% used [0x00000000d5680000,0x00000000d5680000,0x00000000d5780000)
 ParOldGen       total 443392K, used 443104K [0x0000000080000000, 0x000000009b100000, 0x00000000d5580000)
  object space 443392K, 99% used [0x0000000080000000,0x000000009b0b83d8,0x000000009b100000)
 Metaspace       used 68577K, committed 69952K, reserved 1114112K
  class space    used 7284K, committed 7872K, reserved 1048576K
}
Event: 73.120 GC heap after
{Heap after GC invocations=474 (full 3):
 PSYoungGen      total 2048K, used 128K [0x00000000d5580000, 0x00000000d5880000, 0x0000000100000000)
  eden space 1024K, 0% used [0x00000000d5580000,0x00000000d5580000,0x00000000d5680000)
  from space 1024K, 12% used [0x00000000d5680000,0x00000000d56a0000,0x00000000d5780000)
  to   space 512K, 0% used [0x00000000d5800000,0x00000000d5800000,0x00000000d5880000)
 ParOldGen       total 443904K, used 443614K [0x0000000080000000, 0x000000009b180000, 0x00000000d5580000)
  object space 443904K, 99% used [0x0000000080000000,0x000000009b137b88,0x000000009b180000)
 Metaspace       used 68577K, committed 69952K, reserved 1114112K
  class space    used 7284K, committed 7872K, reserved 1048576K
}
Event: 73.202 GC heap before
{Heap before GC invocations=475 (full 3):
 PSYoungGen      total 2048K, used 1095K [0x00000000d5580000, 0x00000000d5880000, 0x0000000100000000)
  eden space 1024K, 94% used [0x00000000d5580000,0x00000000d5671c08,0x00000000d5680000)
  from space 1024K, 12% used [0x00000000d5680000,0x00000000d56a0000,0x00000000d5780000)
  to   space 512K, 0% used [0x00000000d5800000,0x00000000d5800000,0x00000000d5880000)
 ParOldGen       total 443904K, used 443614K [0x0000000080000000, 0x000000009b180000, 0x00000000d5580000)
  object space 443904K, 99% used [0x0000000080000000,0x000000009b137b88,0x000000009b180000)
 Metaspace       used 68708K, committed 70080K, reserved 1114112K
  class space    used 7288K, committed 7872K, reserved 1048576K
}
Event: 73.205 GC heap after
{Heap after GC invocations=475 (full 3):
 PSYoungGen      total 1536K, used 192K [0x00000000d5580000, 0x00000000d5880000, 0x0000000100000000)
  eden space 1024K, 0% used [0x00000000d5580000,0x00000000d5580000,0x00000000d5680000)
  from space 512K, 37% used [0x00000000d5800000,0x00000000d5830000,0x00000000d5880000)
  to   space 512K, 0% used [0x00000000d5780000,0x00000000d5780000,0x00000000d5800000)
 ParOldGen       total 443904K, used 443686K [0x0000000080000000, 0x000000009b180000, 0x00000000d5580000)
  object space 443904K, 99% used [0x0000000080000000,0x000000009b149b88,0x000000009b180000)
 Metaspace       used 68708K, committed 70080K, reserved 1114112K
  class space    used 7288K, committed 7872K, reserved 1048576K
}
Event: 315.345 GC heap before
{Heap before GC invocations=476 (full 3):
 PSYoungGen      total 1536K, used 1215K [0x00000000d5580000, 0x00000000d5880000, 0x0000000100000000)
  eden space 1024K, 99% used [0x00000000d5580000,0x00000000d567ffd8,0x00000000d5680000)
  from space 512K, 37% used [0x00000000d5800000,0x00000000d5830000,0x00000000d5880000)
  to   space 512K, 0% used [0x00000000d5780000,0x00000000d5780000,0x00000000d5800000)
 ParOldGen       total 443904K, used 443686K [0x0000000080000000, 0x000000009b180000, 0x00000000d5580000)
  object space 443904K, 99% used [0x0000000080000000,0x000000009b149b88,0x000000009b180000)
 Metaspace       used 68821K, committed 70144K, reserved 1114112K
  class space    used 7302K, committed 7872K, reserved 1048576K
}
Event: 315.456 GC heap after
{Heap after GC invocations=476 (full 3):
 PSYoungGen      total 1536K, used 128K [0x00000000d5580000, 0x00000000d5880000, 0x0000000100000000)
  eden space 1024K, 0% used [0x00000000d5580000,0x00000000d5580000,0x00000000d5680000)
  from space 512K, 25% used [0x00000000d5780000,0x00000000d57a0000,0x00000000d5800000)
  to   space 512K, 0% used [0x00000000d5800000,0x00000000d5800000,0x00000000d5880000)
 ParOldGen       total 443904K, used 443742K [0x0000000080000000, 0x000000009b180000, 0x00000000d5580000)
  object space 443904K, 99% used [0x0000000080000000,0x000000009b157b88,0x000000009b180000)
 Metaspace       used 68821K, committed 70144K, reserved 1114112K
  class space    used 7302K, committed 7872K, reserved 1048576K
}
Event: 317.383 GC heap before
{Heap before GC invocations=477 (full 3):
 PSYoungGen      total 1536K, used 1151K [0x00000000d5580000, 0x00000000d5880000, 0x0000000100000000)
  eden space 1024K, 99% used [0x00000000d5580000,0x00000000d567ffd0,0x00000000d5680000)
  from space 512K, 25% used [0x00000000d5780000,0x00000000d57a0000,0x00000000d5800000)
  to   space 512K, 0% used [0x00000000d5800000,0x00000000d5800000,0x00000000d5880000)
 ParOldGen       total 443904K, used 443742K [0x0000000080000000, 0x000000009b180000, 0x00000000d5580000)
  object space 443904K, 99% used [0x0000000080000000,0x000000009b157b88,0x000000009b180000)
 Metaspace       used 68948K, committed 70208K, reserved 1114112K
  class space    used 7319K, committed 7872K, reserved 1048576K
}
Event: 317.390 GC heap after
{Heap after GC invocations=477 (full 3):
 PSYoungGen      total 1536K, used 128K [0x00000000d5580000, 0x00000000d5880000, 0x0000000100000000)
  eden space 1024K, 0% used [0x00000000d5580000,0x00000000d5580000,0x00000000d5680000)
  from space 512K, 25% used [0x00000000d5800000,0x00000000d5820000,0x00000000d5880000)
  to   space 512K, 0% used [0x00000000d5780000,0x00000000d5780000,0x00000000d5800000)
 ParOldGen       total 443904K, used 443814K [0x0000000080000000, 0x000000009b180000, 0x00000000d5580000)
  object space 443904K, 99% used [0x0000000080000000,0x000000009b169b88,0x000000009b180000)
 Metaspace       used 68948K, committed 70208K, reserved 1114112K
  class space    used 7319K, committed 7872K, reserved 1048576K
}

